<?xml version="1.0" encoding="UTF-8"?>
<!-- Generated by org.testng.reporters.JUnitReportReporter -->
<testsuite hostname="DESKTOP-Q72O4I0" failures="0" tests="1" name="com.kite.TestClass.TC02_VerifyAddtoWatchlistFunctionality" time="67.198" errors="0" timestamp="2022-10-11T11:46:54 IST" skipped="0">
  <testcase classname="com.kite.TestClass.TC02_VerifyAddtoWatchlistFunctionality" name="watchlist" time="67.198"/>
  <system-out/>
</testsuite> <!-- com.kite.TestClass.TC02_VerifyAddtoWatchlistFunctionality -->
